<?xml version="1.0" encoding="UTF-8"?><testsuites><testsuite name="test" package="test" id="0" errors="0" failures="0" tests="4" skipped="1" ><testcase classname="tests" name="cut_off" time="0"/><testcase classname="tests" name="doubles" time="0"/><testcase classname="tests::nested" name="deep" time="0"/><system-out/><system-err/></testsuite></testsuites>
<?xml version="1.0" encoding="UTF-8"?><testsuites><testsuite name="test" package="test" id="0" errors="0" failures="1" tests="2" skipped="0" ><testcase classname="integration" name="settles" time="0"/><testcase classname="integration" name="cut_off" time="0"><failure type="assert"/><system-out><![CDATA[]]>&#xA;<![CDATA[thread 'cut_off' (2802334) panicked at tests/closed_loop.rs:8:5:]]>&#xA;<![CDATA[assertion `left == right` failed]]>&#xA;<![CDATA[  left: 2]]>&#xA;<![CDATA[ right: 3]]>&#xA;<![CDATA[note: run with `RUST_BACKTRACE=1` environment variable to display a backtrace]]>&#xA;<![CDATA[]]></system-out></testcase><system-out/><system-err/></testsuite></testsuites>
