<?xml version="1.0" encoding="UTF-8"?>
<testsuites name="bun test" tests="12" assertions="11" failures="3" skipped="1" time="0.09605">
  <testsuite name="src/a/shapes.test.ts" file="src/a/shapes.test.ts" tests="11" assertions="10" failures="2" skipped="1" time="0" hostname="Mac">
    <testcase name="plain test with spaces" classname="" time="0.00054" file="src/a/shapes.test.ts" line="4" assertions="1" />
    <testsuite name="outer" file="src/a/shapes.test.ts" line="8" tests="1" assertions="1" failures="0" skipped="0" time="0" hostname="Mac">
      <testsuite name="inner" file="src/a/shapes.test.ts" line="9" tests="1" assertions="1" failures="0" skipped="0" time="0" hostname="Mac">
        <testcase name="nested test" classname="inner &amp;gt; outer" time="0.000007" file="src/a/shapes.test.ts" line="11" assertions="1" />
      </testsuite>
    </testsuite>
    <testcase name="rejects 450-480 outside hours" classname="" time="0.000122" file="src/a/shapes.test.ts" line="18" assertions="1" />
    <testcase name="rejects 1080-1110 outside hours" classname="" time="0.000005" file="src/a/shapes.test.ts" line="18" assertions="1" />
    <testcase name="never accepts two concurrent bookings" classname="" time="0.000004" file="src/a/shapes.test.ts" line="23" assertions="1" />
    <testcase name="skipped test" classname="" time="0" file="src/a/shapes.test.ts" line="28" assertions="0">
      <skipped />
    </testcase>
    <testsuite name="grouped" file="src/a/shapes.test.ts" line="31" tests="2" assertions="2" failures="1" skipped="0" time="0.002" hostname="Mac">
      <testcase name="first" classname="grouped" time="0.000013" file="src/a/shapes.test.ts" line="32" assertions="1" />
      <testcase name="second" classname="grouped" time="0.002504" file="src/a/shapes.test.ts" line="33" assertions="1">
        <failure type="AssertionError" />
      </testcase>
    </testsuite>
    <testcase name="same title in two files" classname="" time="0.000004" file="src/a/shapes.test.ts" line="37" assertions="1" />
    <testcase name="adds 1+1" classname="" time="0.000225" file="src/a/shapes.test.ts" line="46" assertions="1" />
    <testcase name="adds 2+2" classname="" time="0.000298" file="src/a/shapes.test.ts" line="46" assertions="1">
      <failure type="AssertionError" />
    </testcase>
  </testsuite>
  <testsuite name="src/b/other.test.ts" file="src/b/other.test.ts" tests="1" assertions="1" failures="1" skipped="0" time="0" hostname="Mac">
    <testcase name="same title in two files" classname="" time="0.000282" file="src/b/other.test.ts" line="4" assertions="1">
      <failure type="AssertionError" />
    </testcase>
  </testsuite>
</testsuites>
